<?xml version="1.0" encoding="UTF-8"?>
<!-- Generated by org.testng.reporters.JUnitReportReporter -->
<testsuite hostname="DESKTOP-FQKEHJ9" name="com.mani.data.LoginAutomationSite" tests="8" failures="0" timestamp="24 Oct 2018 04:28:35 GMT" time="61.664" errors="0">
  <testcase name="doLogin" time="7.476" classname="com.mani.data.LoginAutomationSite"/>
  <testcase name="doLogin" time="6.345" classname="com.mani.data.LoginAutomationSite"/>
  <testcase name="doLogin" time="7.394" classname="com.mani.data.LoginAutomationSite"/>
  <testcase name="doLogin" time="8.184" classname="com.mani.data.LoginAutomationSite"/>
  <testcase name="doLogin" time="7.570" classname="com.mani.data.LoginAutomationSite"/>
  <testcase name="doLogin" time="8.214" classname="com.mani.data.LoginAutomationSite"/>
  <testcase name="doLogin" time="7.446" classname="com.mani.data.LoginAutomationSite"/>
  <testcase name="doLogin" time="9.035" classname="com.mani.data.LoginAutomationSite"/>
</testsuite> <!-- com.mani.data.LoginAutomationSite -->
