<?xml version="1.0" encoding="UTF-8"?>
<!-- Generated by org.testng.reporters.JUnitReportReporter -->
<testsuite hostname="DESKTOP-FQKEHJ9" name="com.mani.data.LoginAutomationSite" tests="12" failures="0" timestamp="29 Oct 2018 03:23:28 GMT" time="710.388" errors="0">
  <testcase name="doLogin" time="156.709" classname="com.mani.data.LoginAutomationSite"/>
  <testcase name="doLogin" time="8.207" classname="com.mani.data.LoginAutomationSite"/>
  <testcase name="doLogin" time="8.252" classname="com.mani.data.LoginAutomationSite"/>
  <testcase name="doLogin" time="7.124" classname="com.mani.data.LoginAutomationSite"/>
  <testcase name="doLogin" time="167.781" classname="com.mani.data.LoginAutomationSite"/>
  <testcase name="doLogin" time="7.749" classname="com.mani.data.LoginAutomationSite"/>
  <testcase name="doLogin" time="7.771" classname="com.mani.data.LoginAutomationSite"/>
  <testcase name="doLogin" time="7.732" classname="com.mani.data.LoginAutomationSite"/>
  <testcase name="doLogin" time="7.735" classname="com.mani.data.LoginAutomationSite"/>
  <testcase name="doLogin" time="171.146" classname="com.mani.data.LoginAutomationSite"/>
  <testcase name="doLogin" time="151.736" classname="com.mani.data.LoginAutomationSite"/>
  <testcase name="doLogin" time="8.446" classname="com.mani.data.LoginAutomationSite"/>
</testsuite> <!-- com.mani.data.LoginAutomationSite -->
