<?xml version="1.0" encoding="UTF-8"?>
<!-- Generated by org.testng.reporters.JUnitReportReporter -->
<testsuite hostname="DESKTOP-FQKEHJ9" name="com.mani.data.LoginAutomationSite" tests="4" failures="0" timestamp="19 Jan 2019 19:51:41 GMT" time="22.362" errors="0">
  <testcase name="doLogin" time="6.148" classname="com.mani.data.LoginAutomationSite"/>
  <testcase name="doLogin" time="5.699" classname="com.mani.data.LoginAutomationSite"/>
  <testcase name="doLogin" time="5.215" classname="com.mani.data.LoginAutomationSite"/>
  <testcase name="doLogin" time="5.300" classname="com.mani.data.LoginAutomationSite"/>
</testsuite> <!-- com.mani.data.LoginAutomationSite -->
